<?xml version="1.0" encoding="UTF-8"?>
<!-- Generated by org.testng.reporters.JUnitReportReporter -->
<testsuite skipped="1" hostname="GN2LPEGR90W7EQV" name="Phone" tests="3" failures="0" timestamp="21 Oct 2021 04:27:42 GMT" time="0.008" errors="0">
  <testcase name="ss" time="0.007" classname="Phone"/>
  <testcase name="TC2" time="0.001" classname="Phone"/>
  <testcase name="TC3" classname="Phone">
    <skipped/>
  </testcase> <!-- TC3 -->
</testsuite> <!-- Phone -->
