<?xml version="1.0" encoding="UTF-8"?>
<!-- Generated by org.testng.reporters.JUnitReportReporter -->
<testsuite skipped="1" hostname="GN2LPEGR90W7EQV" name="Pramod" tests="10" failures="0" timestamp="20 Oct 2021 16:52:27 GMT" time="7.036" errors="0">
  <testcase name="TC6" time="0.003" classname="Pramod"/>
  <testcase name="TC6" time="0.004" classname="Pramod"/>
  <testcase name="TC1" time="0.009" classname="Pramod"/>
  <testcase name="TC3" time="7.007" classname="Pramod"/>
  <testcase name="TC5" time="0.002" classname="Pramod"/>
  <testcase name="TC6" time="0.004" classname="Pramod"/>
  <testcase name="TC6" time="0.002" classname="Pramod"/>
  <testcase name="TC6" time="0.004" classname="Pramod"/>
  <testcase name="TC2" time="0.001" classname="Pramod"/>
  <testcase name="TC4" classname="Pramod">
    <skipped/>
  </testcase> <!-- TC4 -->
</testsuite> <!-- Pramod -->
